<?xml version="1.0" encoding="UTF-8"?>
<!-- Generated by org.testng.reporters.JUnitReportReporter -->
<testsuite hostname="techcirclesMini" failures="0" tests="1" name="TestNG_Review.openingBrowserUsingBaseClassTesting" time="3.968" errors="0" timestamp="2024-03-11T22:02:12 EDT" skipped="0">
  <testcase classname="TestNG_Review.openingBrowserUsingBaseClassTesting" name="loginTest" time="3.968"/>
</testsuite> <!-- TestNG_Review.openingBrowserUsingBaseClassTesting -->
