<?xml version="1.0" encoding="UTF-8"?>
<!-- Generated by org.testng.reporters.JUnitReportReporter -->
<testsuite hostname="techcirclesMini" failures="0" tests="1" name="Properties.OrangeHRMN_LoginTest" time="45.441" errors="0" timestamp="2024-03-06T22:08:51 EST" skipped="0">
  <testcase classname="Properties.OrangeHRMN_LoginTest" name="login" time="45.441"/>
</testsuite> <!-- Properties.OrangeHRMN_LoginTest -->
